<?xml version="1.0" encoding="UTF-8"?>
<testng-results ignored="0" total="1" passed="0" failed="1" skipped="0">
  <reporter-output>
  </reporter-output>
  <suite started-at="2023-01-07T10:17:45 EST" name="Default suite" finished-at="2023-01-07T10:18:15 EST" duration-ms="30384">
    <groups>
    </groups>
    <test started-at="2023-01-07T10:17:45 EST" name="Default test" finished-at="2023-01-07T10:18:15 EST" duration-ms="30384">
      <class name="com.test.KayakPageTests">
        <test-method is-config="true" signature="beforeAllTest()[pri:0, instance:com.test.KayakPageTests@63376bed]" started-at="2023-01-07T10:17:45 EST" name="beforeAllTest" finished-at="2023-01-07T10:17:45 EST" duration-ms="11" status="PASS">
          <reporter-output>
          </reporter-output>
        </test-method> <!-- beforeAllTest -->
        <test-method is-config="true" signature="setUp()[pri:0, instance:com.test.KayakPageTests@63376bed]" started-at="2023-01-07T10:17:45 EST" name="setUp" finished-at="2023-01-07T10:17:52 EST" duration-ms="7255" status="PASS">
          <reporter-output>
          </reporter-output>
        </test-method> <!-- setUp -->
        <test-method signature="gotoKayakPage()[pri:0, instance:com.test.KayakPageTests@63376bed]" started-at="2023-01-07T10:17:52 EST" name="gotoKayakPage" finished-at="2023-01-07T10:18:10 EST" duration-ms="17528" status="FAIL">
          <exception class="org.openqa.selenium.ElementClickInterceptedException">
            <message>
              <![CDATA[element click intercepted: Element <select tabindex="0" class="wIIH-fake-select" aria-label="Trip type">...</select> is not clickable at point (317, 186). Other element would receive the click: <span class="wIIH-mod-alignment-left">...</span>
  (Session info: chrome=108.0.5359.125)
Build info: version: '4.2.1', revision: 'ac4d0fdd4a'
System info: host: 'SEA-5CG11954LG', ip: '172.26.98.9', os.name: 'Windows 10', os.arch: 'amd64', os.version: '10.0', java.version: '17.0.4'
Driver info: org.openqa.selenium.chrome.ChromeDriver
Command: [0aa6b49491ffae8e8fd62e95e7ce7476, clickElement {id=564c9433-addf-473a-a195-a75c5dbefacf}]
Capabilities {acceptInsecureCerts: false, browserName: chrome, browserVersion: 108.0.5359.125, chrome: {chromedriverVersion: 108.0.5359.71 (1e0e3868ee06..., userDataDir: C:\Users\kaflepk\AppData\Lo...}, goog:chromeOptions: {debuggerAddress: localhost:63783}, networkConnectionEnabled: false, pageLoadStrategy: normal, platformName: WINDOWS, proxy: Proxy(), se:cdp: ws://localhost:63783/devtoo..., se:cdpVersion: 108.0.5359.125, setWindowRect: true, strictFileInteractability: false, timeouts: {implicit: 0, pageLoad: 300000, script: 30000}, unhandledPromptBehavior: dismiss and notify, webauthn:extension:credBlob: true, webauthn:extension:largeBlob: true, webauthn:virtualAuthenticators: true}
Element: [[ChromeDriver: chrome on WINDOWS (0aa6b49491ffae8e8fd62e95e7ce7476)] -> class name: wIIH-fake-select]
Session ID: 0aa6b49491ffae8e8fd62e95e7ce7476]]>
            </message>
            <full-stacktrace>
              <![CDATA[org.openqa.selenium.ElementClickInterceptedException: element click intercepted: Element <select tabindex="0" class="wIIH-fake-select" aria-label="Trip type">...</select> is not clickable at point (317, 186). Other element would receive the click: <span class="wIIH-mod-alignment-left">...</span>
  (Session info: chrome=108.0.5359.125)
Build info: version: '4.2.1', revision: 'ac4d0fdd4a'
System info: host: 'SEA-5CG11954LG', ip: '172.26.98.9', os.name: 'Windows 10', os.arch: 'amd64', os.version: '10.0', java.version: '17.0.4'
Driver info: org.openqa.selenium.chrome.ChromeDriver
Command: [0aa6b49491ffae8e8fd62e95e7ce7476, clickElement {id=564c9433-addf-473a-a195-a75c5dbefacf}]
Capabilities {acceptInsecureCerts: false, browserName: chrome, browserVersion: 108.0.5359.125, chrome: {chromedriverVersion: 108.0.5359.71 (1e0e3868ee06..., userDataDir: C:\Users\kaflepk\AppData\Lo...}, goog:chromeOptions: {debuggerAddress: localhost:63783}, networkConnectionEnabled: false, pageLoadStrategy: normal, platformName: WINDOWS, proxy: Proxy(), se:cdp: ws://localhost:63783/devtoo..., se:cdpVersion: 108.0.5359.125, setWindowRect: true, strictFileInteractability: false, timeouts: {implicit: 0, pageLoad: 300000, script: 30000}, unhandledPromptBehavior: dismiss and notify, webauthn:extension:credBlob: true, webauthn:extension:largeBlob: true, webauthn:virtualAuthenticators: true}
Element: [[ChromeDriver: chrome on WINDOWS (0aa6b49491ffae8e8fd62e95e7ce7476)] -> class name: wIIH-fake-select]
Session ID: 0aa6b49491ffae8e8fd62e95e7ce7476
at java.base/jdk.internal.reflect.NativeConstructorAccessorImpl.newInstance0(Native Method)
at java.base/jdk.internal.reflect.NativeConstructorAccessorImpl.newInstance(NativeConstructorAccessorImpl.java:77)
at java.base/jdk.internal.reflect.DelegatingConstructorAccessorImpl.newInstance(DelegatingConstructorAccessorImpl.java:45)
at java.base/java.lang.reflect.Constructor.newInstanceWithCaller(Constructor.java:499)
at java.base/java.lang.reflect.Constructor.newInstance(Constructor.java:480)
at org.openqa.selenium.remote.codec.w3c.W3CHttpResponseCodec.createException(W3CHttpResponseCodec.java:200)
at org.openqa.selenium.remote.codec.w3c.W3CHttpResponseCodec.decode(W3CHttpResponseCodec.java:133)
at org.openqa.selenium.remote.codec.w3c.W3CHttpResponseCodec.decode(W3CHttpResponseCodec.java:53)
at org.openqa.selenium.remote.HttpCommandExecutor.execute(HttpCommandExecutor.java:184)
at org.openqa.selenium.remote.service.DriverCommandExecutor.invokeExecute(DriverCommandExecutor.java:167)
at org.openqa.selenium.remote.service.DriverCommandExecutor.execute(DriverCommandExecutor.java:142)
at org.openqa.selenium.remote.RemoteWebDriver.execute(RemoteWebDriver.java:551)
at org.openqa.selenium.remote.RemoteWebElement.execute(RemoteWebElement.java:257)
at org.openqa.selenium.remote.RemoteWebElement.click(RemoteWebElement.java:78)
at com.pages.KayakLogin.loginKayak(KayakLogin.java:34)
at com.test.KayakPageTests.gotoKayakPage(KayakPageTests.java:12)
at java.base/jdk.internal.reflect.NativeMethodAccessorImpl.invoke0(Native Method)
at java.base/jdk.internal.reflect.NativeMethodAccessorImpl.invoke(NativeMethodAccessorImpl.java:77)
at java.base/jdk.internal.reflect.DelegatingMethodAccessorImpl.invoke(DelegatingMethodAccessorImpl.java:43)
at java.base/java.lang.reflect.Method.invoke(Method.java:568)
at org.testng.internal.invokers.MethodInvocationHelper.invokeMethod(MethodInvocationHelper.java:139)
at org.testng.internal.invokers.TestInvoker.invokeMethod(TestInvoker.java:677)
at org.testng.internal.invokers.TestInvoker.invokeTestMethod(TestInvoker.java:221)
at org.testng.internal.invokers.MethodRunner.runInSequence(MethodRunner.java:50)
at org.testng.internal.invokers.TestInvoker$MethodInvocationAgent.invoke(TestInvoker.java:962)
at org.testng.internal.invokers.TestInvoker.invokeTestMethods(TestInvoker.java:194)
at org.testng.internal.invokers.TestMethodWorker.invokeTestMethods(TestMethodWorker.java:148)
at org.testng.internal.invokers.TestMethodWorker.run(TestMethodWorker.java:128)
at java.base/java.util.ArrayList.forEach(ArrayList.java:1511)
at org.testng.TestRunner.privateRun(TestRunner.java:806)
at org.testng.TestRunner.run(TestRunner.java:601)
at org.testng.SuiteRunner.runTest(SuiteRunner.java:433)
at org.testng.SuiteRunner.runSequentially(SuiteRunner.java:427)
at org.testng.SuiteRunner.privateRun(SuiteRunner.java:387)
at org.testng.SuiteRunner.run(SuiteRunner.java:330)
at org.testng.SuiteRunnerWorker.runSuite(SuiteRunnerWorker.java:52)
at org.testng.SuiteRunnerWorker.run(SuiteRunnerWorker.java:95)
at org.testng.TestNG.runSuitesSequentially(TestNG.java:1256)
at org.testng.TestNG.runSuitesLocally(TestNG.java:1176)
at org.testng.TestNG.runSuites(TestNG.java:1099)
at org.testng.TestNG.run(TestNG.java:1067)
at org.testng.remote.AbstractRemoteTestNG.run(AbstractRemoteTestNG.java:115)
at org.testng.remote.RemoteTestNG.initAndRun(RemoteTestNG.java:251)
at org.testng.remote.RemoteTestNG.main(RemoteTestNG.java:77)
]]>
            </full-stacktrace>
          </exception> <!-- org.openqa.selenium.ElementClickInterceptedException -->
          <reporter-output>
          </reporter-output>
        </test-method> <!-- gotoKayakPage -->
        <test-method is-config="true" signature="tearDown(org.testng.ITestResult)[pri:0, instance:com.test.KayakPageTests@63376bed]" started-at="2023-01-07T10:18:10 EST" name="tearDown" finished-at="2023-01-07T10:18:15 EST" duration-ms="5548" status="PASS">
          <params>
            <param index="0">
              <value>
                <![CDATA[[TestResult name=gotoKayakPage status=FAILURE method=KayakPageTests.gotoKayakPage()[pri:0, instance:com.test.KayakPageTests@63376bed] output={null}]]]>
              </value>
            </param>
          </params>
          <reporter-output>
          </reporter-output>
        </test-method> <!-- tearDown -->
        <test-method is-config="true" signature="afterAllTest()[pri:0, instance:com.test.KayakPageTests@63376bed]" started-at="2023-01-07T10:18:15 EST" name="afterAllTest" finished-at="2023-01-07T10:18:15 EST" duration-ms="0" status="PASS">
          <reporter-output>
          </reporter-output>
        </test-method> <!-- afterAllTest -->
      </class> <!-- com.test.KayakPageTests -->
    </test> <!-- Default test -->
  </suite> <!-- Default suite -->
</testng-results>
